Summary of SPARK analysis
=========================

------------------------------------------------------------------------------------------------------------------
SPARK Analysis results        Total      Flow   Interval   CodePeer                 Provers   Justified   Unproved
------------------------------------------------------------------------------------------------------------------
Data Dependencies                 .         .          .          .                       .           .          .
Flow Dependencies                 .         .          .          .                       .           .          .
Initialization                    5         5          .          .                       .           .          .
Non-Aliasing                      .         .          .          .                       .           .          .
Run-time Checks                  30         .          .          .               30 (CVC4)           .          .
Assertions                        3         .          .          .    3 (CVC4 60%, Z3 40%)           .          .
Functional Contracts             31         .          .          .               29 (CVC4)           .          2
LSP Verification                  .         .          .          .                       .           .          .
------------------------------------------------------------------------------------------------------------------
Total                            69    5 (7%)          .          .                62 (90%)           .     2 (3%)


max steps used for successful proof: 1

Analyzed 3 units
in unit big_integers, 1 subprograms and packages out of 1 analyzed
  Big_Integers at big_integers.ads:1 flow analyzed (0 errors, 0 checks and 0 warnings) and proved (0 checks)
in unit lz77, 8 subprograms and packages out of 8 analyzed
  LZ77 at lz77.ads:4 flow analyzed (0 errors, 0 checks and 0 warnings) and proved (0 checks)
  LZ77.Decode at lz77.ads:94 flow analyzed (0 errors, 0 checks and 3 warnings) and proved (1 checks)
  LZ77.Decode_Fast at lz77.ads:113 flow analyzed (0 errors, 0 checks and 2 warnings) and not proved, 3 checks out of 4 proved
  LZ77.Decoded_Length at lz77.ads:54 flow analyzed (0 errors, 0 checks and 0 warnings) and proved (2 checks)
  LZ77.Is_Valid at lz77.ads:100 flow analyzed (0 errors, 0 checks and 0 warnings) and not proved, 0 checks out of 1 proved
  LZ77.Length_Acc at lz77.ads:41 flow analyzed (0 errors, 0 checks and 0 warnings) and proved (39 checks)
  LZ77.Put at lz77.ads:86 flow analyzed (0 errors, 0 checks and 0 warnings) and proved (0 checks)
  LZ77.Valid at lz77.ads:65 flow analyzed (0 errors, 0 checks and 0 warnings) and proved (11 checks)
in unit main, 1 subprograms and packages out of 1 analyzed
  Main at main.adb:6 flow analyzed (0 errors, 0 checks and 0 warnings) and proved (6 checks)
